[2021-11-29 16:05:29] local.INFO: Detected N+1 Query  
[2021-11-29 16:05:29] local.INFO: Model: App\Models\Lead
Relation: product
Num-Called: 10
Call-Stack:
#18 \app\Http\Controllers\Admin\LeadController.php:95
#19 \vendor\yajra\laravel-datatables-oracle\src\Utilities\Helper.php:65
#20 \vendor\yajra\laravel-datatables-oracle\src\Processors\DataProcessor.php:137
#21 \vendor\yajra\laravel-datatables-oracle\src\Processors\DataProcessor.php:106
#22 \vendor\yajra\laravel-datatables-oracle\src\DataTableAbstract.php:807
#23 \vendor\yajra\laravel-datatables-oracle\src\QueryDataTable.php:102
#24 \app\Http\Controllers\Admin\LeadController.php:100
#25 \vendor\laravel\framework\src\Illuminate\Routing\Controller.php:54
#26 \vendor\laravel\framework\src\Illuminate\Routing\ControllerDispatcher.php:45
#27 \vendor\laravel\framework\src\Illuminate\Routing\Route.php:262
#28 \vendor\laravel\framework\src\Illuminate\Routing\Route.php:205
#29 \vendor\laravel\framework\src\Illuminate\Routing\Router.php:695
#30 \vendor\laravel\framework\src\Illuminate\Pipeline\Pipeline.php:128
#31 \app\Http\Middleware\IsAdmin.php:20
#32 \vendor\laravel\framework\src\Illuminate\Pipeline\Pipeline.php:167
#33 \vendor\laravel\framework\src\Illuminate\Routing\Middleware\SubstituteBindings.php:50
#34 \vendor\laravel\framework\src\Illuminate\Pipeline\Pipeline.php:167
#35 \vendor\laravel\framework\src\Illuminate\Foundation\Http\Middleware\VerifyCsrfToken.php:78
#36 \vendor\laravel\framework\src\Illuminate\Pipeline\Pipeline.php:167
#37 \vendor\laravel\framework\src\Illuminate\Session\Middleware\AuthenticateSession.php:58
#38 \vendor\laravel\framework\src\Illuminate\Pipeline\Pipeline.php:167
#39 \vendor\laravel\framework\src\Illuminate\View\Middleware\ShareErrorsFromSession.php:49
#40 \vendor\laravel\framework\src\Illuminate\Pipeline\Pipeline.php:167
#41 \vendor\laravel\framework\src\Illuminate\Session\Middleware\StartSession.php:121
#42 \vendor\laravel\framework\src\Illuminate\Session\Middleware\StartSession.php:64
#43 \vendor\laravel\framework\src\Illuminate\Pipeline\Pipeline.php:167
#44 \vendor\laravel\framework\src\Illuminate\Cookie\Middleware\AddQueuedCookiesToResponse.php:37
#45 \vendor\laravel\framework\src\Illuminate\Pipeline\Pipeline.php:167
#46 \vendor\laravel\framework\src\Illuminate\Cookie\Middleware\EncryptCookies.php:67
#47 \vendor\laravel\framework\src\Illuminate\Pipeline\Pipeline.php:167
#48 \vendor\laravel\framework\src\Illuminate\Pipeline\Pipeline.php:103
#49 \vendor\laravel\framework\src\Illuminate\Routing\Router.php:697
  
[2021-11-29 16:05:46] local.INFO: Detected N+1 Query  
[2021-11-29 16:05:46] local.INFO: Model: App\Models\Lead
Relation: product
Num-Called: 10
Call-Stack:
#18 \app\Http\Controllers\Admin\LeadController.php:95
#19 \vendor\yajra\laravel-datatables-oracle\src\Utilities\Helper.php:65
#20 \vendor\yajra\laravel-datatables-oracle\src\Processors\DataProcessor.php:137
#21 \vendor\yajra\laravel-datatables-oracle\src\Processors\DataProcessor.php:106
#22 \vendor\yajra\laravel-datatables-oracle\src\DataTableAbstract.php:807
#23 \vendor\yajra\laravel-datatables-oracle\src\QueryDataTable.php:102
#24 \app\Http\Controllers\Admin\LeadController.php:100
#25 \vendor\laravel\framework\src\Illuminate\Routing\Controller.php:54
#26 \vendor\laravel\framework\src\Illuminate\Routing\ControllerDispatcher.php:45
#27 \vendor\laravel\framework\src\Illuminate\Routing\Route.php:262
#28 \vendor\laravel\framework\src\Illuminate\Routing\Route.php:205
#29 \vendor\laravel\framework\src\Illuminate\Routing\Router.php:695
#30 \vendor\laravel\framework\src\Illuminate\Pipeline\Pipeline.php:128
#31 \app\Http\Middleware\IsAdmin.php:20
#32 \vendor\laravel\framework\src\Illuminate\Pipeline\Pipeline.php:167
#33 \vendor\laravel\framework\src\Illuminate\Routing\Middleware\SubstituteBindings.php:50
#34 \vendor\laravel\framework\src\Illuminate\Pipeline\Pipeline.php:167
#35 \vendor\laravel\framework\src\Illuminate\Foundation\Http\Middleware\VerifyCsrfToken.php:78
#36 \vendor\laravel\framework\src\Illuminate\Pipeline\Pipeline.php:167
#37 \vendor\laravel\framework\src\Illuminate\Session\Middleware\AuthenticateSession.php:58
#38 \vendor\laravel\framework\src\Illuminate\Pipeline\Pipeline.php:167
#39 \vendor\laravel\framework\src\Illuminate\View\Middleware\ShareErrorsFromSession.php:49
#40 \vendor\laravel\framework\src\Illuminate\Pipeline\Pipeline.php:167
#41 \vendor\laravel\framework\src\Illuminate\Session\Middleware\StartSession.php:121
#42 \vendor\laravel\framework\src\Illuminate\Session\Middleware\StartSession.php:64
#43 \vendor\laravel\framework\src\Illuminate\Pipeline\Pipeline.php:167
#44 \vendor\laravel\framework\src\Illuminate\Cookie\Middleware\AddQueuedCookiesToResponse.php:37
#45 \vendor\laravel\framework\src\Illuminate\Pipeline\Pipeline.php:167
#46 \vendor\laravel\framework\src\Illuminate\Cookie\Middleware\EncryptCookies.php:67
#47 \vendor\laravel\framework\src\Illuminate\Pipeline\Pipeline.php:167
#48 \vendor\laravel\framework\src\Illuminate\Pipeline\Pipeline.php:103
#49 \vendor\laravel\framework\src\Illuminate\Routing\Router.php:697
  
[2021-11-29 16:05:49] local.INFO: Detected N+1 Query  
[2021-11-29 16:05:49] local.INFO: Model: App\Models\Lead
Relation: product
Num-Called: 10
Call-Stack:
#18 \app\Http\Controllers\Admin\LeadController.php:95
#19 \vendor\yajra\laravel-datatables-oracle\src\Utilities\Helper.php:65
#20 \vendor\yajra\laravel-datatables-oracle\src\Processors\DataProcessor.php:137
#21 \vendor\yajra\laravel-datatables-oracle\src\Processors\DataProcessor.php:106
#22 \vendor\yajra\laravel-datatables-oracle\src\DataTableAbstract.php:807
#23 \vendor\yajra\laravel-datatables-oracle\src\QueryDataTable.php:102
#24 \app\Http\Controllers\Admin\LeadController.php:100
#25 \vendor\laravel\framework\src\Illuminate\Routing\Controller.php:54
#26 \vendor\laravel\framework\src\Illuminate\Routing\ControllerDispatcher.php:45
#27 \vendor\laravel\framework\src\Illuminate\Routing\Route.php:262
#28 \vendor\laravel\framework\src\Illuminate\Routing\Route.php:205
#29 \vendor\laravel\framework\src\Illuminate\Routing\Router.php:695
#30 \vendor\laravel\framework\src\Illuminate\Pipeline\Pipeline.php:128
#31 \app\Http\Middleware\IsAdmin.php:20
#32 \vendor\laravel\framework\src\Illuminate\Pipeline\Pipeline.php:167
#33 \vendor\laravel\framework\src\Illuminate\Routing\Middleware\SubstituteBindings.php:50
#34 \vendor\laravel\framework\src\Illuminate\Pipeline\Pipeline.php:167
#35 \vendor\laravel\framework\src\Illuminate\Foundation\Http\Middleware\VerifyCsrfToken.php:78
#36 \vendor\laravel\framework\src\Illuminate\Pipeline\Pipeline.php:167
#37 \vendor\laravel\framework\src\Illuminate\Session\Middleware\AuthenticateSession.php:58
#38 \vendor\laravel\framework\src\Illuminate\Pipeline\Pipeline.php:167
#39 \vendor\laravel\framework\src\Illuminate\View\Middleware\ShareErrorsFromSession.php:49
#40 \vendor\laravel\framework\src\Illuminate\Pipeline\Pipeline.php:167
#41 \vendor\laravel\framework\src\Illuminate\Session\Middleware\StartSession.php:121
#42 \vendor\laravel\framework\src\Illuminate\Session\Middleware\StartSession.php:64
#43 \vendor\laravel\framework\src\Illuminate\Pipeline\Pipeline.php:167
#44 \vendor\laravel\framework\src\Illuminate\Cookie\Middleware\AddQueuedCookiesToResponse.php:37
#45 \vendor\laravel\framework\src\Illuminate\Pipeline\Pipeline.php:167
#46 \vendor\laravel\framework\src\Illuminate\Cookie\Middleware\EncryptCookies.php:67
#47 \vendor\laravel\framework\src\Illuminate\Pipeline\Pipeline.php:167
#48 \vendor\laravel\framework\src\Illuminate\Pipeline\Pipeline.php:103
#49 \vendor\laravel\framework\src\Illuminate\Routing\Router.php:697
  
[2021-11-29 16:05:50] local.INFO: Detected N+1 Query  
[2021-11-29 16:05:50] local.INFO: Model: App\Models\Lead
Relation: product
Num-Called: 10
Call-Stack:
#18 \app\Http\Controllers\Admin\LeadController.php:95
#19 \vendor\yajra\laravel-datatables-oracle\src\Utilities\Helper.php:65
#20 \vendor\yajra\laravel-datatables-oracle\src\Processors\DataProcessor.php:137
#21 \vendor\yajra\laravel-datatables-oracle\src\Processors\DataProcessor.php:106
#22 \vendor\yajra\laravel-datatables-oracle\src\DataTableAbstract.php:807
#23 \vendor\yajra\laravel-datatables-oracle\src\QueryDataTable.php:102
#24 \app\Http\Controllers\Admin\LeadController.php:100
#25 \vendor\laravel\framework\src\Illuminate\Routing\Controller.php:54
#26 \vendor\laravel\framework\src\Illuminate\Routing\ControllerDispatcher.php:45
#27 \vendor\laravel\framework\src\Illuminate\Routing\Route.php:262
#28 \vendor\laravel\framework\src\Illuminate\Routing\Route.php:205
#29 \vendor\laravel\framework\src\Illuminate\Routing\Router.php:695
#30 \vendor\laravel\framework\src\Illuminate\Pipeline\Pipeline.php:128
#31 \app\Http\Middleware\IsAdmin.php:20
#32 \vendor\laravel\framework\src\Illuminate\Pipeline\Pipeline.php:167
#33 \vendor\laravel\framework\src\Illuminate\Routing\Middleware\SubstituteBindings.php:50
#34 \vendor\laravel\framework\src\Illuminate\Pipeline\Pipeline.php:167
#35 \vendor\laravel\framework\src\Illuminate\Foundation\Http\Middleware\VerifyCsrfToken.php:78
#36 \vendor\laravel\framework\src\Illuminate\Pipeline\Pipeline.php:167
#37 \vendor\laravel\framework\src\Illuminate\Session\Middleware\AuthenticateSession.php:58
#38 \vendor\laravel\framework\src\Illuminate\Pipeline\Pipeline.php:167
#39 \vendor\laravel\framework\src\Illuminate\View\Middleware\ShareErrorsFromSession.php:49
#40 \vendor\laravel\framework\src\Illuminate\Pipeline\Pipeline.php:167
#41 \vendor\laravel\framework\src\Illuminate\Session\Middleware\StartSession.php:121
#42 \vendor\laravel\framework\src\Illuminate\Session\Middleware\StartSession.php:64
#43 \vendor\laravel\framework\src\Illuminate\Pipeline\Pipeline.php:167
#44 \vendor\laravel\framework\src\Illuminate\Cookie\Middleware\AddQueuedCookiesToResponse.php:37
#45 \vendor\laravel\framework\src\Illuminate\Pipeline\Pipeline.php:167
#46 \vendor\laravel\framework\src\Illuminate\Cookie\Middleware\EncryptCookies.php:67
#47 \vendor\laravel\framework\src\Illuminate\Pipeline\Pipeline.php:167
#48 \vendor\laravel\framework\src\Illuminate\Pipeline\Pipeline.php:103
#49 \vendor\laravel\framework\src\Illuminate\Routing\Router.php:697
  
[2021-11-29 16:05:51] local.INFO: Detected N+1 Query  
[2021-11-29 16:05:51] local.INFO: Model: App\Models\Lead
Relation: product
Num-Called: 10
Call-Stack:
#18 \app\Http\Controllers\Admin\LeadController.php:95
#19 \vendor\yajra\laravel-datatables-oracle\src\Utilities\Helper.php:65
#20 \vendor\yajra\laravel-datatables-oracle\src\Processors\DataProcessor.php:137
#21 \vendor\yajra\laravel-datatables-oracle\src\Processors\DataProcessor.php:106
#22 \vendor\yajra\laravel-datatables-oracle\src\DataTableAbstract.php:807
#23 \vendor\yajra\laravel-datatables-oracle\src\QueryDataTable.php:102
#24 \app\Http\Controllers\Admin\LeadController.php:100
#25 \vendor\laravel\framework\src\Illuminate\Routing\Controller.php:54
#26 \vendor\laravel\framework\src\Illuminate\Routing\ControllerDispatcher.php:45
#27 \vendor\laravel\framework\src\Illuminate\Routing\Route.php:262
#28 \vendor\laravel\framework\src\Illuminate\Routing\Route.php:205
#29 \vendor\laravel\framework\src\Illuminate\Routing\Router.php:695
#30 \vendor\laravel\framework\src\Illuminate\Pipeline\Pipeline.php:128
#31 \app\Http\Middleware\IsAdmin.php:20
#32 \vendor\laravel\framework\src\Illuminate\Pipeline\Pipeline.php:167
#33 \vendor\laravel\framework\src\Illuminate\Routing\Middleware\SubstituteBindings.php:50
#34 \vendor\laravel\framework\src\Illuminate\Pipeline\Pipeline.php:167
#35 \vendor\laravel\framework\src\Illuminate\Foundation\Http\Middleware\VerifyCsrfToken.php:78
#36 \vendor\laravel\framework\src\Illuminate\Pipeline\Pipeline.php:167
#37 \vendor\laravel\framework\src\Illuminate\Session\Middleware\AuthenticateSession.php:58
#38 \vendor\laravel\framework\src\Illuminate\Pipeline\Pipeline.php:167
#39 \vendor\laravel\framework\src\Illuminate\View\Middleware\ShareErrorsFromSession.php:49
#40 \vendor\laravel\framework\src\Illuminate\Pipeline\Pipeline.php:167
#41 \vendor\laravel\framework\src\Illuminate\Session\Middleware\StartSession.php:121
#42 \vendor\laravel\framework\src\Illuminate\Session\Middleware\StartSession.php:64
#43 \vendor\laravel\framework\src\Illuminate\Pipeline\Pipeline.php:167
#44 \vendor\laravel\framework\src\Illuminate\Cookie\Middleware\AddQueuedCookiesToResponse.php:37
#45 \vendor\laravel\framework\src\Illuminate\Pipeline\Pipeline.php:167
#46 \vendor\laravel\framework\src\Illuminate\Cookie\Middleware\EncryptCookies.php:67
#47 \vendor\laravel\framework\src\Illuminate\Pipeline\Pipeline.php:167
#48 \vendor\laravel\framework\src\Illuminate\Pipeline\Pipeline.php:103
#49 \vendor\laravel\framework\src\Illuminate\Routing\Router.php:697
  
[2021-11-29 16:05:53] local.INFO: Detected N+1 Query  
[2021-11-29 16:05:53] local.INFO: Model: App\Models\Lead
Relation: product
Num-Called: 10
Call-Stack:
#18 \app\Http\Controllers\Admin\LeadController.php:95
#19 \vendor\yajra\laravel-datatables-oracle\src\Utilities\Helper.php:65
#20 \vendor\yajra\laravel-datatables-oracle\src\Processors\DataProcessor.php:137
#21 \vendor\yajra\laravel-datatables-oracle\src\Processors\DataProcessor.php:106
#22 \vendor\yajra\laravel-datatables-oracle\src\DataTableAbstract.php:807
#23 \vendor\yajra\laravel-datatables-oracle\src\QueryDataTable.php:102
#24 \app\Http\Controllers\Admin\LeadController.php:100
#25 \vendor\laravel\framework\src\Illuminate\Routing\Controller.php:54
#26 \vendor\laravel\framework\src\Illuminate\Routing\ControllerDispatcher.php:45
#27 \vendor\laravel\framework\src\Illuminate\Routing\Route.php:262
#28 \vendor\laravel\framework\src\Illuminate\Routing\Route.php:205
#29 \vendor\laravel\framework\src\Illuminate\Routing\Router.php:695
#30 \vendor\laravel\framework\src\Illuminate\Pipeline\Pipeline.php:128
#31 \app\Http\Middleware\IsAdmin.php:20
#32 \vendor\laravel\framework\src\Illuminate\Pipeline\Pipeline.php:167
#33 \vendor\laravel\framework\src\Illuminate\Routing\Middleware\SubstituteBindings.php:50
#34 \vendor\laravel\framework\src\Illuminate\Pipeline\Pipeline.php:167
#35 \vendor\laravel\framework\src\Illuminate\Foundation\Http\Middleware\VerifyCsrfToken.php:78
#36 \vendor\laravel\framework\src\Illuminate\Pipeline\Pipeline.php:167
#37 \vendor\laravel\framework\src\Illuminate\Session\Middleware\AuthenticateSession.php:58
#38 \vendor\laravel\framework\src\Illuminate\Pipeline\Pipeline.php:167
#39 \vendor\laravel\framework\src\Illuminate\View\Middleware\ShareErrorsFromSession.php:49
#40 \vendor\laravel\framework\src\Illuminate\Pipeline\Pipeline.php:167
#41 \vendor\laravel\framework\src\Illuminate\Session\Middleware\StartSession.php:121
#42 \vendor\laravel\framework\src\Illuminate\Session\Middleware\StartSession.php:64
#43 \vendor\laravel\framework\src\Illuminate\Pipeline\Pipeline.php:167
#44 \vendor\laravel\framework\src\Illuminate\Cookie\Middleware\AddQueuedCookiesToResponse.php:37
#45 \vendor\laravel\framework\src\Illuminate\Pipeline\Pipeline.php:167
#46 \vendor\laravel\framework\src\Illuminate\Cookie\Middleware\EncryptCookies.php:67
#47 \vendor\laravel\framework\src\Illuminate\Pipeline\Pipeline.php:167
#48 \vendor\laravel\framework\src\Illuminate\Pipeline\Pipeline.php:103
#49 \vendor\laravel\framework\src\Illuminate\Routing\Router.php:697
  
[2021-11-29 16:05:54] local.INFO: Detected N+1 Query  
[2021-11-29 16:05:54] local.INFO: Model: App\Models\Lead
Relation: product
Num-Called: 10
Call-Stack:
#18 \app\Http\Controllers\Admin\LeadController.php:95
#19 \vendor\yajra\laravel-datatables-oracle\src\Utilities\Helper.php:65
#20 \vendor\yajra\laravel-datatables-oracle\src\Processors\DataProcessor.php:137
#21 \vendor\yajra\laravel-datatables-oracle\src\Processors\DataProcessor.php:106
#22 \vendor\yajra\laravel-datatables-oracle\src\DataTableAbstract.php:807
#23 \vendor\yajra\laravel-datatables-oracle\src\QueryDataTable.php:102
#24 \app\Http\Controllers\Admin\LeadController.php:100
#25 \vendor\laravel\framework\src\Illuminate\Routing\Controller.php:54
#26 \vendor\laravel\framework\src\Illuminate\Routing\ControllerDispatcher.php:45
#27 \vendor\laravel\framework\src\Illuminate\Routing\Route.php:262
#28 \vendor\laravel\framework\src\Illuminate\Routing\Route.php:205
#29 \vendor\laravel\framework\src\Illuminate\Routing\Router.php:695
#30 \vendor\laravel\framework\src\Illuminate\Pipeline\Pipeline.php:128
#31 \app\Http\Middleware\IsAdmin.php:20
#32 \vendor\laravel\framework\src\Illuminate\Pipeline\Pipeline.php:167
#33 \vendor\laravel\framework\src\Illuminate\Routing\Middleware\SubstituteBindings.php:50
#34 \vendor\laravel\framework\src\Illuminate\Pipeline\Pipeline.php:167
#35 \vendor\laravel\framework\src\Illuminate\Foundation\Http\Middleware\VerifyCsrfToken.php:78
#36 \vendor\laravel\framework\src\Illuminate\Pipeline\Pipeline.php:167
#37 \vendor\laravel\framework\src\Illuminate\Session\Middleware\AuthenticateSession.php:58
#38 \vendor\laravel\framework\src\Illuminate\Pipeline\Pipeline.php:167
#39 \vendor\laravel\framework\src\Illuminate\View\Middleware\ShareErrorsFromSession.php:49
#40 \vendor\laravel\framework\src\Illuminate\Pipeline\Pipeline.php:167
#41 \vendor\laravel\framework\src\Illuminate\Session\Middleware\StartSession.php:121
#42 \vendor\laravel\framework\src\Illuminate\Session\Middleware\StartSession.php:64
#43 \vendor\laravel\framework\src\Illuminate\Pipeline\Pipeline.php:167
#44 \vendor\laravel\framework\src\Illuminate\Cookie\Middleware\AddQueuedCookiesToResponse.php:37
#45 \vendor\laravel\framework\src\Illuminate\Pipeline\Pipeline.php:167
#46 \vendor\laravel\framework\src\Illuminate\Cookie\Middleware\EncryptCookies.php:67
#47 \vendor\laravel\framework\src\Illuminate\Pipeline\Pipeline.php:167
#48 \vendor\laravel\framework\src\Illuminate\Pipeline\Pipeline.php:103
#49 \vendor\laravel\framework\src\Illuminate\Routing\Router.php:697
  
[2021-11-29 16:05:58] local.INFO: Detected N+1 Query  
[2021-11-29 16:05:58] local.INFO: Model: App\Models\Lead
Relation: product
Num-Called: 10
Call-Stack:
#18 \app\Http\Controllers\Admin\LeadController.php:95
#19 \vendor\yajra\laravel-datatables-oracle\src\Utilities\Helper.php:65
#20 \vendor\yajra\laravel-datatables-oracle\src\Processors\DataProcessor.php:137
#21 \vendor\yajra\laravel-datatables-oracle\src\Processors\DataProcessor.php:106
#22 \vendor\yajra\laravel-datatables-oracle\src\DataTableAbstract.php:807
#23 \vendor\yajra\laravel-datatables-oracle\src\QueryDataTable.php:102
#24 \app\Http\Controllers\Admin\LeadController.php:100
#25 \vendor\laravel\framework\src\Illuminate\Routing\Controller.php:54
#26 \vendor\laravel\framework\src\Illuminate\Routing\ControllerDispatcher.php:45
#27 \vendor\laravel\framework\src\Illuminate\Routing\Route.php:262
#28 \vendor\laravel\framework\src\Illuminate\Routing\Route.php:205
#29 \vendor\laravel\framework\src\Illuminate\Routing\Router.php:695
#30 \vendor\laravel\framework\src\Illuminate\Pipeline\Pipeline.php:128
#31 \app\Http\Middleware\IsAdmin.php:20
#32 \vendor\laravel\framework\src\Illuminate\Pipeline\Pipeline.php:167
#33 \vendor\laravel\framework\src\Illuminate\Routing\Middleware\SubstituteBindings.php:50
#34 \vendor\laravel\framework\src\Illuminate\Pipeline\Pipeline.php:167
#35 \vendor\laravel\framework\src\Illuminate\Foundation\Http\Middleware\VerifyCsrfToken.php:78
#36 \vendor\laravel\framework\src\Illuminate\Pipeline\Pipeline.php:167
#37 \vendor\laravel\framework\src\Illuminate\Session\Middleware\AuthenticateSession.php:58
#38 \vendor\laravel\framework\src\Illuminate\Pipeline\Pipeline.php:167
#39 \vendor\laravel\framework\src\Illuminate\View\Middleware\ShareErrorsFromSession.php:49
#40 \vendor\laravel\framework\src\Illuminate\Pipeline\Pipeline.php:167
#41 \vendor\laravel\framework\src\Illuminate\Session\Middleware\StartSession.php:121
#42 \vendor\laravel\framework\src\Illuminate\Session\Middleware\StartSession.php:64
#43 \vendor\laravel\framework\src\Illuminate\Pipeline\Pipeline.php:167
#44 \vendor\laravel\framework\src\Illuminate\Cookie\Middleware\AddQueuedCookiesToResponse.php:37
#45 \vendor\laravel\framework\src\Illuminate\Pipeline\Pipeline.php:167
#46 \vendor\laravel\framework\src\Illuminate\Cookie\Middleware\EncryptCookies.php:67
#47 \vendor\laravel\framework\src\Illuminate\Pipeline\Pipeline.php:167
#48 \vendor\laravel\framework\src\Illuminate\Pipeline\Pipeline.php:103
#49 \vendor\laravel\framework\src\Illuminate\Routing\Router.php:697
  
[2021-11-29 16:05:58] local.INFO: Detected N+1 Query  
[2021-11-29 16:05:58] local.INFO: Model: App\Models\Lead
Relation: product
Num-Called: 10
Call-Stack:
#18 \app\Http\Controllers\Admin\LeadController.php:95
#19 \vendor\yajra\laravel-datatables-oracle\src\Utilities\Helper.php:65
#20 \vendor\yajra\laravel-datatables-oracle\src\Processors\DataProcessor.php:137
#21 \vendor\yajra\laravel-datatables-oracle\src\Processors\DataProcessor.php:106
#22 \vendor\yajra\laravel-datatables-oracle\src\DataTableAbstract.php:807
#23 \vendor\yajra\laravel-datatables-oracle\src\QueryDataTable.php:102
#24 \app\Http\Controllers\Admin\LeadController.php:100
#25 \vendor\laravel\framework\src\Illuminate\Routing\Controller.php:54
#26 \vendor\laravel\framework\src\Illuminate\Routing\ControllerDispatcher.php:45
#27 \vendor\laravel\framework\src\Illuminate\Routing\Route.php:262
#28 \vendor\laravel\framework\src\Illuminate\Routing\Route.php:205
#29 \vendor\laravel\framework\src\Illuminate\Routing\Router.php:695
#30 \vendor\laravel\framework\src\Illuminate\Pipeline\Pipeline.php:128
#31 \app\Http\Middleware\IsAdmin.php:20
#32 \vendor\laravel\framework\src\Illuminate\Pipeline\Pipeline.php:167
#33 \vendor\laravel\framework\src\Illuminate\Routing\Middleware\SubstituteBindings.php:50
#34 \vendor\laravel\framework\src\Illuminate\Pipeline\Pipeline.php:167
#35 \vendor\laravel\framework\src\Illuminate\Foundation\Http\Middleware\VerifyCsrfToken.php:78
#36 \vendor\laravel\framework\src\Illuminate\Pipeline\Pipeline.php:167
#37 \vendor\laravel\framework\src\Illuminate\Session\Middleware\AuthenticateSession.php:58
#38 \vendor\laravel\framework\src\Illuminate\Pipeline\Pipeline.php:167
#39 \vendor\laravel\framework\src\Illuminate\View\Middleware\ShareErrorsFromSession.php:49
#40 \vendor\laravel\framework\src\Illuminate\Pipeline\Pipeline.php:167
#41 \vendor\laravel\framework\src\Illuminate\Session\Middleware\StartSession.php:121
#42 \vendor\laravel\framework\src\Illuminate\Session\Middleware\StartSession.php:64
#43 \vendor\laravel\framework\src\Illuminate\Pipeline\Pipeline.php:167
#44 \vendor\laravel\framework\src\Illuminate\Cookie\Middleware\AddQueuedCookiesToResponse.php:37
#45 \vendor\laravel\framework\src\Illuminate\Pipeline\Pipeline.php:167
#46 \vendor\laravel\framework\src\Illuminate\Cookie\Middleware\EncryptCookies.php:67
#47 \vendor\laravel\framework\src\Illuminate\Pipeline\Pipeline.php:167
#48 \vendor\laravel\framework\src\Illuminate\Pipeline\Pipeline.php:103
#49 \vendor\laravel\framework\src\Illuminate\Routing\Router.php:697
  
[2021-11-29 16:05:59] local.INFO: Detected N+1 Query  
[2021-11-29 16:05:59] local.INFO: Model: App\Models\Lead
Relation: product
Num-Called: 10
Call-Stack:
#18 \app\Http\Controllers\Admin\LeadController.php:95
#19 \vendor\yajra\laravel-datatables-oracle\src\Utilities\Helper.php:65
#20 \vendor\yajra\laravel-datatables-oracle\src\Processors\DataProcessor.php:137
#21 \vendor\yajra\laravel-datatables-oracle\src\Processors\DataProcessor.php:106
#22 \vendor\yajra\laravel-datatables-oracle\src\DataTableAbstract.php:807
#23 \vendor\yajra\laravel-datatables-oracle\src\QueryDataTable.php:102
#24 \app\Http\Controllers\Admin\LeadController.php:100
#25 \vendor\laravel\framework\src\Illuminate\Routing\Controller.php:54
#26 \vendor\laravel\framework\src\Illuminate\Routing\ControllerDispatcher.php:45
#27 \vendor\laravel\framework\src\Illuminate\Routing\Route.php:262
#28 \vendor\laravel\framework\src\Illuminate\Routing\Route.php:205
#29 \vendor\laravel\framework\src\Illuminate\Routing\Router.php:695
#30 \vendor\laravel\framework\src\Illuminate\Pipeline\Pipeline.php:128
#31 \app\Http\Middleware\IsAdmin.php:20
#32 \vendor\laravel\framework\src\Illuminate\Pipeline\Pipeline.php:167
#33 \vendor\laravel\framework\src\Illuminate\Routing\Middleware\SubstituteBindings.php:50
#34 \vendor\laravel\framework\src\Illuminate\Pipeline\Pipeline.php:167
#35 \vendor\laravel\framework\src\Illuminate\Foundation\Http\Middleware\VerifyCsrfToken.php:78
#36 \vendor\laravel\framework\src\Illuminate\Pipeline\Pipeline.php:167
#37 \vendor\laravel\framework\src\Illuminate\Session\Middleware\AuthenticateSession.php:58
#38 \vendor\laravel\framework\src\Illuminate\Pipeline\Pipeline.php:167
#39 \vendor\laravel\framework\src\Illuminate\View\Middleware\ShareErrorsFromSession.php:49
#40 \vendor\laravel\framework\src\Illuminate\Pipeline\Pipeline.php:167
#41 \vendor\laravel\framework\src\Illuminate\Session\Middleware\StartSession.php:121
#42 \vendor\laravel\framework\src\Illuminate\Session\Middleware\StartSession.php:64
#43 \vendor\laravel\framework\src\Illuminate\Pipeline\Pipeline.php:167
#44 \vendor\laravel\framework\src\Illuminate\Cookie\Middleware\AddQueuedCookiesToResponse.php:37
#45 \vendor\laravel\framework\src\Illuminate\Pipeline\Pipeline.php:167
#46 \vendor\laravel\framework\src\Illuminate\Cookie\Middleware\EncryptCookies.php:67
#47 \vendor\laravel\framework\src\Illuminate\Pipeline\Pipeline.php:167
#48 \vendor\laravel\framework\src\Illuminate\Pipeline\Pipeline.php:103
#49 \vendor\laravel\framework\src\Illuminate\Routing\Router.php:697
  
[2021-11-29 16:05:59] local.INFO: Detected N+1 Query  
[2021-11-29 16:05:59] local.INFO: Model: App\Models\Lead
Relation: product
Num-Called: 10
Call-Stack:
#18 \app\Http\Controllers\Admin\LeadController.php:95
#19 \vendor\yajra\laravel-datatables-oracle\src\Utilities\Helper.php:65
#20 \vendor\yajra\laravel-datatables-oracle\src\Processors\DataProcessor.php:137
#21 \vendor\yajra\laravel-datatables-oracle\src\Processors\DataProcessor.php:106
#22 \vendor\yajra\laravel-datatables-oracle\src\DataTableAbstract.php:807
#23 \vendor\yajra\laravel-datatables-oracle\src\QueryDataTable.php:102
#24 \app\Http\Controllers\Admin\LeadController.php:100
#25 \vendor\laravel\framework\src\Illuminate\Routing\Controller.php:54
#26 \vendor\laravel\framework\src\Illuminate\Routing\ControllerDispatcher.php:45
#27 \vendor\laravel\framework\src\Illuminate\Routing\Route.php:262
#28 \vendor\laravel\framework\src\Illuminate\Routing\Route.php:205
#29 \vendor\laravel\framework\src\Illuminate\Routing\Router.php:695
#30 \vendor\laravel\framework\src\Illuminate\Pipeline\Pipeline.php:128
#31 \app\Http\Middleware\IsAdmin.php:20
#32 \vendor\laravel\framework\src\Illuminate\Pipeline\Pipeline.php:167
#33 \vendor\laravel\framework\src\Illuminate\Routing\Middleware\SubstituteBindings.php:50
#34 \vendor\laravel\framework\src\Illuminate\Pipeline\Pipeline.php:167
#35 \vendor\laravel\framework\src\Illuminate\Foundation\Http\Middleware\VerifyCsrfToken.php:78
#36 \vendor\laravel\framework\src\Illuminate\Pipeline\Pipeline.php:167
#37 \vendor\laravel\framework\src\Illuminate\Session\Middleware\AuthenticateSession.php:58
#38 \vendor\laravel\framework\src\Illuminate\Pipeline\Pipeline.php:167
#39 \vendor\laravel\framework\src\Illuminate\View\Middleware\ShareErrorsFromSession.php:49
#40 \vendor\laravel\framework\src\Illuminate\Pipeline\Pipeline.php:167
#41 \vendor\laravel\framework\src\Illuminate\Session\Middleware\StartSession.php:121
#42 \vendor\laravel\framework\src\Illuminate\Session\Middleware\StartSession.php:64
#43 \vendor\laravel\framework\src\Illuminate\Pipeline\Pipeline.php:167
#44 \vendor\laravel\framework\src\Illuminate\Cookie\Middleware\AddQueuedCookiesToResponse.php:37
#45 \vendor\laravel\framework\src\Illuminate\Pipeline\Pipeline.php:167
#46 \vendor\laravel\framework\src\Illuminate\Cookie\Middleware\EncryptCookies.php:67
#47 \vendor\laravel\framework\src\Illuminate\Pipeline\Pipeline.php:167
#48 \vendor\laravel\framework\src\Illuminate\Pipeline\Pipeline.php:103
#49 \vendor\laravel\framework\src\Illuminate\Routing\Router.php:697
  
[2021-11-29 16:09:23] local.INFO: Detected N+1 Query  
[2021-11-29 16:09:23] local.INFO: Model: App\Models\Lead
Relation: product
Num-Called: 3
Call-Stack:
#18 \app\Http\Controllers\Admin\LeadController.php:95
#19 \vendor\yajra\laravel-datatables-oracle\src\Utilities\Helper.php:65
#20 \vendor\yajra\laravel-datatables-oracle\src\Processors\DataProcessor.php:137
#21 \vendor\yajra\laravel-datatables-oracle\src\Processors\DataProcessor.php:106
#22 \vendor\yajra\laravel-datatables-oracle\src\DataTableAbstract.php:807
#23 \vendor\yajra\laravel-datatables-oracle\src\QueryDataTable.php:102
#24 \app\Http\Controllers\Admin\LeadController.php:100
#25 \vendor\laravel\framework\src\Illuminate\Routing\Controller.php:54
#26 \vendor\laravel\framework\src\Illuminate\Routing\ControllerDispatcher.php:45
#27 \vendor\laravel\framework\src\Illuminate\Routing\Route.php:262
#28 \vendor\laravel\framework\src\Illuminate\Routing\Route.php:205
#29 \vendor\laravel\framework\src\Illuminate\Routing\Router.php:695
#30 \vendor\laravel\framework\src\Illuminate\Pipeline\Pipeline.php:128
#31 \app\Http\Middleware\IsAdmin.php:20
#32 \vendor\laravel\framework\src\Illuminate\Pipeline\Pipeline.php:167
#33 \vendor\laravel\framework\src\Illuminate\Routing\Middleware\SubstituteBindings.php:50
#34 \vendor\laravel\framework\src\Illuminate\Pipeline\Pipeline.php:167
#35 \vendor\laravel\framework\src\Illuminate\Foundation\Http\Middleware\VerifyCsrfToken.php:78
#36 \vendor\laravel\framework\src\Illuminate\Pipeline\Pipeline.php:167
#37 \vendor\laravel\framework\src\Illuminate\Session\Middleware\AuthenticateSession.php:58
#38 \vendor\laravel\framework\src\Illuminate\Pipeline\Pipeline.php:167
#39 \vendor\laravel\framework\src\Illuminate\View\Middleware\ShareErrorsFromSession.php:49
#40 \vendor\laravel\framework\src\Illuminate\Pipeline\Pipeline.php:167
#41 \vendor\laravel\framework\src\Illuminate\Session\Middleware\StartSession.php:121
#42 \vendor\laravel\framework\src\Illuminate\Session\Middleware\StartSession.php:64
#43 \vendor\laravel\framework\src\Illuminate\Pipeline\Pipeline.php:167
#44 \vendor\laravel\framework\src\Illuminate\Cookie\Middleware\AddQueuedCookiesToResponse.php:37
#45 \vendor\laravel\framework\src\Illuminate\Pipeline\Pipeline.php:167
#46 \vendor\laravel\framework\src\Illuminate\Cookie\Middleware\EncryptCookies.php:67
#47 \vendor\laravel\framework\src\Illuminate\Pipeline\Pipeline.php:167
#48 \vendor\laravel\framework\src\Illuminate\Pipeline\Pipeline.php:103
#49 \vendor\laravel\framework\src\Illuminate\Routing\Router.php:697
  
[2021-11-29 16:14:39] local.INFO: Detected N+1 Query  
[2021-11-29 16:14:39] local.INFO: Model: App\Models\Lead
Relation: product
Num-Called: 3
Call-Stack:
#18 \app\Http\Controllers\Admin\LeadController.php:95
#19 \vendor\yajra\laravel-datatables-oracle\src\Utilities\Helper.php:65
#20 \vendor\yajra\laravel-datatables-oracle\src\Processors\DataProcessor.php:137
#21 \vendor\yajra\laravel-datatables-oracle\src\Processors\DataProcessor.php:106
#22 \vendor\yajra\laravel-datatables-oracle\src\DataTableAbstract.php:807
#23 \vendor\yajra\laravel-datatables-oracle\src\QueryDataTable.php:102
#24 \app\Http\Controllers\Admin\LeadController.php:100
#25 \vendor\laravel\framework\src\Illuminate\Routing\Controller.php:54
#26 \vendor\laravel\framework\src\Illuminate\Routing\ControllerDispatcher.php:45
#27 \vendor\laravel\framework\src\Illuminate\Routing\Route.php:262
#28 \vendor\laravel\framework\src\Illuminate\Routing\Route.php:205
#29 \vendor\laravel\framework\src\Illuminate\Routing\Router.php:695
#30 \vendor\laravel\framework\src\Illuminate\Pipeline\Pipeline.php:128
#31 \app\Http\Middleware\IsAdmin.php:20
#32 \vendor\laravel\framework\src\Illuminate\Pipeline\Pipeline.php:167
#33 \vendor\laravel\framework\src\Illuminate\Routing\Middleware\SubstituteBindings.php:50
#34 \vendor\laravel\framework\src\Illuminate\Pipeline\Pipeline.php:167
#35 \vendor\laravel\framework\src\Illuminate\Foundation\Http\Middleware\VerifyCsrfToken.php:78
#36 \vendor\laravel\framework\src\Illuminate\Pipeline\Pipeline.php:167
#37 \vendor\laravel\framework\src\Illuminate\Session\Middleware\AuthenticateSession.php:58
#38 \vendor\laravel\framework\src\Illuminate\Pipeline\Pipeline.php:167
#39 \vendor\laravel\framework\src\Illuminate\View\Middleware\ShareErrorsFromSession.php:49
#40 \vendor\laravel\framework\src\Illuminate\Pipeline\Pipeline.php:167
#41 \vendor\laravel\framework\src\Illuminate\Session\Middleware\StartSession.php:121
#42 \vendor\laravel\framework\src\Illuminate\Session\Middleware\StartSession.php:64
#43 \vendor\laravel\framework\src\Illuminate\Pipeline\Pipeline.php:167
#44 \vendor\laravel\framework\src\Illuminate\Cookie\Middleware\AddQueuedCookiesToResponse.php:37
#45 \vendor\laravel\framework\src\Illuminate\Pipeline\Pipeline.php:167
#46 \vendor\laravel\framework\src\Illuminate\Cookie\Middleware\EncryptCookies.php:67
#47 \vendor\laravel\framework\src\Illuminate\Pipeline\Pipeline.php:167
#48 \vendor\laravel\framework\src\Illuminate\Pipeline\Pipeline.php:103
#49 \vendor\laravel\framework\src\Illuminate\Routing\Router.php:697
  
[2021-11-29 16:18:07] local.INFO: Detected N+1 Query  
[2021-11-29 16:18:07] local.INFO: Model: App\Models\Lead
Relation: product
Num-Called: 3
Call-Stack:
#18 \app\Http\Controllers\Admin\LeadController.php:95
#19 \vendor\yajra\laravel-datatables-oracle\src\Utilities\Helper.php:65
#20 \vendor\yajra\laravel-datatables-oracle\src\Processors\DataProcessor.php:137
#21 \vendor\yajra\laravel-datatables-oracle\src\Processors\DataProcessor.php:106
#22 \vendor\yajra\laravel-datatables-oracle\src\DataTableAbstract.php:807
#23 \vendor\yajra\laravel-datatables-oracle\src\QueryDataTable.php:102
#24 \app\Http\Controllers\Admin\LeadController.php:100
#25 \vendor\laravel\framework\src\Illuminate\Routing\Controller.php:54
#26 \vendor\laravel\framework\src\Illuminate\Routing\ControllerDispatcher.php:45
#27 \vendor\laravel\framework\src\Illuminate\Routing\Route.php:262
#28 \vendor\laravel\framework\src\Illuminate\Routing\Route.php:205
#29 \vendor\laravel\framework\src\Illuminate\Routing\Router.php:695
#30 \vendor\laravel\framework\src\Illuminate\Pipeline\Pipeline.php:128
#31 \app\Http\Middleware\IsAdmin.php:20
#32 \vendor\laravel\framework\src\Illuminate\Pipeline\Pipeline.php:167
#33 \vendor\laravel\framework\src\Illuminate\Routing\Middleware\SubstituteBindings.php:50
#34 \vendor\laravel\framework\src\Illuminate\Pipeline\Pipeline.php:167
#35 \vendor\laravel\framework\src\Illuminate\Foundation\Http\Middleware\VerifyCsrfToken.php:78
#36 \vendor\laravel\framework\src\Illuminate\Pipeline\Pipeline.php:167
#37 \vendor\laravel\framework\src\Illuminate\Session\Middleware\AuthenticateSession.php:58
#38 \vendor\laravel\framework\src\Illuminate\Pipeline\Pipeline.php:167
#39 \vendor\laravel\framework\src\Illuminate\View\Middleware\ShareErrorsFromSession.php:49
#40 \vendor\laravel\framework\src\Illuminate\Pipeline\Pipeline.php:167
#41 \vendor\laravel\framework\src\Illuminate\Session\Middleware\StartSession.php:121
#42 \vendor\laravel\framework\src\Illuminate\Session\Middleware\StartSession.php:64
#43 \vendor\laravel\framework\src\Illuminate\Pipeline\Pipeline.php:167
#44 \vendor\laravel\framework\src\Illuminate\Cookie\Middleware\AddQueuedCookiesToResponse.php:37
#45 \vendor\laravel\framework\src\Illuminate\Pipeline\Pipeline.php:167
#46 \vendor\laravel\framework\src\Illuminate\Cookie\Middleware\EncryptCookies.php:67
#47 \vendor\laravel\framework\src\Illuminate\Pipeline\Pipeline.php:167
#48 \vendor\laravel\framework\src\Illuminate\Pipeline\Pipeline.php:103
#49 \vendor\laravel\framework\src\Illuminate\Routing\Router.php:697
  
[2021-11-29 17:04:54] local.INFO: Detected N+1 Query  
[2021-11-29 17:04:54] local.INFO: Model: App\Models\Lead
Relation: product
Num-Called: 3
Call-Stack:
#18 \app\Http\Controllers\Admin\LeadController.php:95
#19 \vendor\yajra\laravel-datatables-oracle\src\Utilities\Helper.php:65
#20 \vendor\yajra\laravel-datatables-oracle\src\Processors\DataProcessor.php:137
#21 \vendor\yajra\laravel-datatables-oracle\src\Processors\DataProcessor.php:106
#22 \vendor\yajra\laravel-datatables-oracle\src\DataTableAbstract.php:807
#23 \vendor\yajra\laravel-datatables-oracle\src\QueryDataTable.php:102
#24 \app\Http\Controllers\Admin\LeadController.php:100
#25 \vendor\laravel\framework\src\Illuminate\Routing\Controller.php:54
#26 \vendor\laravel\framework\src\Illuminate\Routing\ControllerDispatcher.php:45
#27 \vendor\laravel\framework\src\Illuminate\Routing\Route.php:262
#28 \vendor\laravel\framework\src\Illuminate\Routing\Route.php:205
#29 \vendor\laravel\framework\src\Illuminate\Routing\Router.php:695
#30 \vendor\laravel\framework\src\Illuminate\Pipeline\Pipeline.php:128
#31 \app\Http\Middleware\IsAdmin.php:20
#32 \vendor\laravel\framework\src\Illuminate\Pipeline\Pipeline.php:167
#33 \vendor\laravel\framework\src\Illuminate\Routing\Middleware\SubstituteBindings.php:50
#34 \vendor\laravel\framework\src\Illuminate\Pipeline\Pipeline.php:167
#35 \vendor\laravel\framework\src\Illuminate\Foundation\Http\Middleware\VerifyCsrfToken.php:78
#36 \vendor\laravel\framework\src\Illuminate\Pipeline\Pipeline.php:167
#37 \vendor\laravel\framework\src\Illuminate\Session\Middleware\AuthenticateSession.php:58
#38 \vendor\laravel\framework\src\Illuminate\Pipeline\Pipeline.php:167
#39 \vendor\laravel\framework\src\Illuminate\View\Middleware\ShareErrorsFromSession.php:49
#40 \vendor\laravel\framework\src\Illuminate\Pipeline\Pipeline.php:167
#41 \vendor\laravel\framework\src\Illuminate\Session\Middleware\StartSession.php:121
#42 \vendor\laravel\framework\src\Illuminate\Session\Middleware\StartSession.php:64
#43 \vendor\laravel\framework\src\Illuminate\Pipeline\Pipeline.php:167
#44 \vendor\laravel\framework\src\Illuminate\Cookie\Middleware\AddQueuedCookiesToResponse.php:37
#45 \vendor\laravel\framework\src\Illuminate\Pipeline\Pipeline.php:167
#46 \vendor\laravel\framework\src\Illuminate\Cookie\Middleware\EncryptCookies.php:67
#47 \vendor\laravel\framework\src\Illuminate\Pipeline\Pipeline.php:167
#48 \vendor\laravel\framework\src\Illuminate\Pipeline\Pipeline.php:103
#49 \vendor\laravel\framework\src\Illuminate\Routing\Router.php:697
  
[2021-11-29 17:06:09] local.INFO: Detected N+1 Query  
[2021-11-29 17:06:09] local.INFO: Model: App\Models\Lead
Relation: product
Num-Called: 3
Call-Stack:
#18 \app\Http\Controllers\Admin\LeadController.php:95
#19 \vendor\yajra\laravel-datatables-oracle\src\Utilities\Helper.php:65
#20 \vendor\yajra\laravel-datatables-oracle\src\Processors\DataProcessor.php:137
#21 \vendor\yajra\laravel-datatables-oracle\src\Processors\DataProcessor.php:106
#22 \vendor\yajra\laravel-datatables-oracle\src\DataTableAbstract.php:807
#23 \vendor\yajra\laravel-datatables-oracle\src\QueryDataTable.php:102
#24 \app\Http\Controllers\Admin\LeadController.php:100
#25 \vendor\laravel\framework\src\Illuminate\Routing\Controller.php:54
#26 \vendor\laravel\framework\src\Illuminate\Routing\ControllerDispatcher.php:45
#27 \vendor\laravel\framework\src\Illuminate\Routing\Route.php:262
#28 \vendor\laravel\framework\src\Illuminate\Routing\Route.php:205
#29 \vendor\laravel\framework\src\Illuminate\Routing\Router.php:695
#30 \vendor\laravel\framework\src\Illuminate\Pipeline\Pipeline.php:128
#31 \app\Http\Middleware\IsAdmin.php:20
#32 \vendor\laravel\framework\src\Illuminate\Pipeline\Pipeline.php:167
#33 \vendor\laravel\framework\src\Illuminate\Routing\Middleware\SubstituteBindings.php:50
#34 \vendor\laravel\framework\src\Illuminate\Pipeline\Pipeline.php:167
#35 \vendor\laravel\framework\src\Illuminate\Foundation\Http\Middleware\VerifyCsrfToken.php:78
#36 \vendor\laravel\framework\src\Illuminate\Pipeline\Pipeline.php:167
#37 \vendor\laravel\framework\src\Illuminate\Session\Middleware\AuthenticateSession.php:58
#38 \vendor\laravel\framework\src\Illuminate\Pipeline\Pipeline.php:167
#39 \vendor\laravel\framework\src\Illuminate\View\Middleware\ShareErrorsFromSession.php:49
#40 \vendor\laravel\framework\src\Illuminate\Pipeline\Pipeline.php:167
#41 \vendor\laravel\framework\src\Illuminate\Session\Middleware\StartSession.php:121
#42 \vendor\laravel\framework\src\Illuminate\Session\Middleware\StartSession.php:64
#43 \vendor\laravel\framework\src\Illuminate\Pipeline\Pipeline.php:167
#44 \vendor\laravel\framework\src\Illuminate\Cookie\Middleware\AddQueuedCookiesToResponse.php:37
#45 \vendor\laravel\framework\src\Illuminate\Pipeline\Pipeline.php:167
#46 \vendor\laravel\framework\src\Illuminate\Cookie\Middleware\EncryptCookies.php:67
#47 \vendor\laravel\framework\src\Illuminate\Pipeline\Pipeline.php:167
#48 \vendor\laravel\framework\src\Illuminate\Pipeline\Pipeline.php:103
#49 \vendor\laravel\framework\src\Illuminate\Routing\Router.php:697
  
[2021-11-29 17:06:14] local.INFO: Detected N+1 Query  
[2021-11-29 17:06:14] local.INFO: Model: App\Models\Lead
Relation: product
Num-Called: 3
Call-Stack:
#18 \app\Http\Controllers\Admin\LeadController.php:95
#19 \vendor\yajra\laravel-datatables-oracle\src\Utilities\Helper.php:65
#20 \vendor\yajra\laravel-datatables-oracle\src\Processors\DataProcessor.php:137
#21 \vendor\yajra\laravel-datatables-oracle\src\Processors\DataProcessor.php:106
#22 \vendor\yajra\laravel-datatables-oracle\src\DataTableAbstract.php:807
#23 \vendor\yajra\laravel-datatables-oracle\src\QueryDataTable.php:102
#24 \app\Http\Controllers\Admin\LeadController.php:100
#25 \vendor\laravel\framework\src\Illuminate\Routing\Controller.php:54
#26 \vendor\laravel\framework\src\Illuminate\Routing\ControllerDispatcher.php:45
#27 \vendor\laravel\framework\src\Illuminate\Routing\Route.php:262
#28 \vendor\laravel\framework\src\Illuminate\Routing\Route.php:205
#29 \vendor\laravel\framework\src\Illuminate\Routing\Router.php:695
#30 \vendor\laravel\framework\src\Illuminate\Pipeline\Pipeline.php:128
#31 \app\Http\Middleware\IsAdmin.php:20
#32 \vendor\laravel\framework\src\Illuminate\Pipeline\Pipeline.php:167
#33 \vendor\laravel\framework\src\Illuminate\Routing\Middleware\SubstituteBindings.php:50
#34 \vendor\laravel\framework\src\Illuminate\Pipeline\Pipeline.php:167
#35 \vendor\laravel\framework\src\Illuminate\Foundation\Http\Middleware\VerifyCsrfToken.php:78
#36 \vendor\laravel\framework\src\Illuminate\Pipeline\Pipeline.php:167
#37 \vendor\laravel\framework\src\Illuminate\Session\Middleware\AuthenticateSession.php:58
#38 \vendor\laravel\framework\src\Illuminate\Pipeline\Pipeline.php:167
#39 \vendor\laravel\framework\src\Illuminate\View\Middleware\ShareErrorsFromSession.php:49
#40 \vendor\laravel\framework\src\Illuminate\Pipeline\Pipeline.php:167
#41 \vendor\laravel\framework\src\Illuminate\Session\Middleware\StartSession.php:121
#42 \vendor\laravel\framework\src\Illuminate\Session\Middleware\StartSession.php:64
#43 \vendor\laravel\framework\src\Illuminate\Pipeline\Pipeline.php:167
#44 \vendor\laravel\framework\src\Illuminate\Cookie\Middleware\AddQueuedCookiesToResponse.php:37
#45 \vendor\laravel\framework\src\Illuminate\Pipeline\Pipeline.php:167
#46 \vendor\laravel\framework\src\Illuminate\Cookie\Middleware\EncryptCookies.php:67
#47 \vendor\laravel\framework\src\Illuminate\Pipeline\Pipeline.php:167
#48 \vendor\laravel\framework\src\Illuminate\Pipeline\Pipeline.php:103
#49 \vendor\laravel\framework\src\Illuminate\Routing\Router.php:697
  
[2021-11-29 17:14:04] local.INFO: Detected N+1 Query  
[2021-11-29 17:14:04] local.INFO: Model: App\Models\Lead
Relation: product
Num-Called: 3
Call-Stack:
#18 \app\Http\Controllers\Admin\LeadController.php:95
#19 \vendor\yajra\laravel-datatables-oracle\src\Utilities\Helper.php:65
#20 \vendor\yajra\laravel-datatables-oracle\src\Processors\DataProcessor.php:137
#21 \vendor\yajra\laravel-datatables-oracle\src\Processors\DataProcessor.php:106
#22 \vendor\yajra\laravel-datatables-oracle\src\DataTableAbstract.php:807
#23 \vendor\yajra\laravel-datatables-oracle\src\QueryDataTable.php:102
#24 \app\Http\Controllers\Admin\LeadController.php:100
#25 \vendor\laravel\framework\src\Illuminate\Routing\Controller.php:54
#26 \vendor\laravel\framework\src\Illuminate\Routing\ControllerDispatcher.php:45
#27 \vendor\laravel\framework\src\Illuminate\Routing\Route.php:262
#28 \vendor\laravel\framework\src\Illuminate\Routing\Route.php:205
#29 \vendor\laravel\framework\src\Illuminate\Routing\Router.php:695
#30 \vendor\laravel\framework\src\Illuminate\Pipeline\Pipeline.php:128
#31 \app\Http\Middleware\IsAdmin.php:20
#32 \vendor\laravel\framework\src\Illuminate\Pipeline\Pipeline.php:167
#33 \vendor\laravel\framework\src\Illuminate\Routing\Middleware\SubstituteBindings.php:50
#34 \vendor\laravel\framework\src\Illuminate\Pipeline\Pipeline.php:167
#35 \vendor\laravel\framework\src\Illuminate\Foundation\Http\Middleware\VerifyCsrfToken.php:78
#36 \vendor\laravel\framework\src\Illuminate\Pipeline\Pipeline.php:167
#37 \vendor\laravel\framework\src\Illuminate\Session\Middleware\AuthenticateSession.php:58
#38 \vendor\laravel\framework\src\Illuminate\Pipeline\Pipeline.php:167
#39 \vendor\laravel\framework\src\Illuminate\View\Middleware\ShareErrorsFromSession.php:49
#40 \vendor\laravel\framework\src\Illuminate\Pipeline\Pipeline.php:167
#41 \vendor\laravel\framework\src\Illuminate\Session\Middleware\StartSession.php:121
#42 \vendor\laravel\framework\src\Illuminate\Session\Middleware\StartSession.php:64
#43 \vendor\laravel\framework\src\Illuminate\Pipeline\Pipeline.php:167
#44 \vendor\laravel\framework\src\Illuminate\Cookie\Middleware\AddQueuedCookiesToResponse.php:37
#45 \vendor\laravel\framework\src\Illuminate\Pipeline\Pipeline.php:167
#46 \vendor\laravel\framework\src\Illuminate\Cookie\Middleware\EncryptCookies.php:67
#47 \vendor\laravel\framework\src\Illuminate\Pipeline\Pipeline.php:167
#48 \vendor\laravel\framework\src\Illuminate\Pipeline\Pipeline.php:103
#49 \vendor\laravel\framework\src\Illuminate\Routing\Router.php:697
  
[2021-11-29 17:23:12] local.INFO: Detected N+1 Query  
[2021-11-29 17:23:12] local.INFO: Model: App\Models\Lead
Relation: product
Num-Called: 3
Call-Stack:
#18 \app\Http\Controllers\Admin\LeadController.php:95
#19 \vendor\yajra\laravel-datatables-oracle\src\Utilities\Helper.php:65
#20 \vendor\yajra\laravel-datatables-oracle\src\Processors\DataProcessor.php:137
#21 \vendor\yajra\laravel-datatables-oracle\src\Processors\DataProcessor.php:106
#22 \vendor\yajra\laravel-datatables-oracle\src\DataTableAbstract.php:807
#23 \vendor\yajra\laravel-datatables-oracle\src\QueryDataTable.php:102
#24 \app\Http\Controllers\Admin\LeadController.php:100
#25 \vendor\laravel\framework\src\Illuminate\Routing\Controller.php:54
#26 \vendor\laravel\framework\src\Illuminate\Routing\ControllerDispatcher.php:45
#27 \vendor\laravel\framework\src\Illuminate\Routing\Route.php:262
#28 \vendor\laravel\framework\src\Illuminate\Routing\Route.php:205
#29 \vendor\laravel\framework\src\Illuminate\Routing\Router.php:695
#30 \vendor\laravel\framework\src\Illuminate\Pipeline\Pipeline.php:128
#31 \app\Http\Middleware\IsAdmin.php:20
#32 \vendor\laravel\framework\src\Illuminate\Pipeline\Pipeline.php:167
#33 \vendor\laravel\framework\src\Illuminate\Routing\Middleware\SubstituteBindings.php:50
#34 \vendor\laravel\framework\src\Illuminate\Pipeline\Pipeline.php:167
#35 \vendor\laravel\framework\src\Illuminate\Foundation\Http\Middleware\VerifyCsrfToken.php:78
#36 \vendor\laravel\framework\src\Illuminate\Pipeline\Pipeline.php:167
#37 \vendor\laravel\framework\src\Illuminate\Session\Middleware\AuthenticateSession.php:58
#38 \vendor\laravel\framework\src\Illuminate\Pipeline\Pipeline.php:167
#39 \vendor\laravel\framework\src\Illuminate\View\Middleware\ShareErrorsFromSession.php:49
#40 \vendor\laravel\framework\src\Illuminate\Pipeline\Pipeline.php:167
#41 \vendor\laravel\framework\src\Illuminate\Session\Middleware\StartSession.php:121
#42 \vendor\laravel\framework\src\Illuminate\Session\Middleware\StartSession.php:64
#43 \vendor\laravel\framework\src\Illuminate\Pipeline\Pipeline.php:167
#44 \vendor\laravel\framework\src\Illuminate\Cookie\Middleware\AddQueuedCookiesToResponse.php:37
#45 \vendor\laravel\framework\src\Illuminate\Pipeline\Pipeline.php:167
#46 \vendor\laravel\framework\src\Illuminate\Cookie\Middleware\EncryptCookies.php:67
#47 \vendor\laravel\framework\src\Illuminate\Pipeline\Pipeline.php:167
#48 \vendor\laravel\framework\src\Illuminate\Pipeline\Pipeline.php:103
#49 \vendor\laravel\framework\src\Illuminate\Routing\Router.php:697
  
[2021-11-29 17:23:15] local.INFO: Detected N+1 Query  
[2021-11-29 17:23:15] local.INFO: Model: App\Models\Lead
Relation: product
Num-Called: 3
Call-Stack:
#18 \app\Http\Controllers\Admin\LeadController.php:95
#19 \vendor\yajra\laravel-datatables-oracle\src\Utilities\Helper.php:65
#20 \vendor\yajra\laravel-datatables-oracle\src\Processors\DataProcessor.php:137
#21 \vendor\yajra\laravel-datatables-oracle\src\Processors\DataProcessor.php:106
#22 \vendor\yajra\laravel-datatables-oracle\src\DataTableAbstract.php:807
#23 \vendor\yajra\laravel-datatables-oracle\src\QueryDataTable.php:102
#24 \app\Http\Controllers\Admin\LeadController.php:100
#25 \vendor\laravel\framework\src\Illuminate\Routing\Controller.php:54
#26 \vendor\laravel\framework\src\Illuminate\Routing\ControllerDispatcher.php:45
#27 \vendor\laravel\framework\src\Illuminate\Routing\Route.php:262
#28 \vendor\laravel\framework\src\Illuminate\Routing\Route.php:205
#29 \vendor\laravel\framework\src\Illuminate\Routing\Router.php:695
#30 \vendor\laravel\framework\src\Illuminate\Pipeline\Pipeline.php:128
#31 \app\Http\Middleware\IsAdmin.php:20
#32 \vendor\laravel\framework\src\Illuminate\Pipeline\Pipeline.php:167
#33 \vendor\laravel\framework\src\Illuminate\Routing\Middleware\SubstituteBindings.php:50
#34 \vendor\laravel\framework\src\Illuminate\Pipeline\Pipeline.php:167
#35 \vendor\laravel\framework\src\Illuminate\Foundation\Http\Middleware\VerifyCsrfToken.php:78
#36 \vendor\laravel\framework\src\Illuminate\Pipeline\Pipeline.php:167
#37 \vendor\laravel\framework\src\Illuminate\Session\Middleware\AuthenticateSession.php:58
#38 \vendor\laravel\framework\src\Illuminate\Pipeline\Pipeline.php:167
#39 \vendor\laravel\framework\src\Illuminate\View\Middleware\ShareErrorsFromSession.php:49
#40 \vendor\laravel\framework\src\Illuminate\Pipeline\Pipeline.php:167
#41 \vendor\laravel\framework\src\Illuminate\Session\Middleware\StartSession.php:121
#42 \vendor\laravel\framework\src\Illuminate\Session\Middleware\StartSession.php:64
#43 \vendor\laravel\framework\src\Illuminate\Pipeline\Pipeline.php:167
#44 \vendor\laravel\framework\src\Illuminate\Cookie\Middleware\AddQueuedCookiesToResponse.php:37
#45 \vendor\laravel\framework\src\Illuminate\Pipeline\Pipeline.php:167
#46 \vendor\laravel\framework\src\Illuminate\Cookie\Middleware\EncryptCookies.php:67
#47 \vendor\laravel\framework\src\Illuminate\Pipeline\Pipeline.php:167
#48 \vendor\laravel\framework\src\Illuminate\Pipeline\Pipeline.php:103
#49 \vendor\laravel\framework\src\Illuminate\Routing\Router.php:697
  
[2021-11-29 17:23:43] local.INFO: Detected N+1 Query  
[2021-11-29 17:23:43] local.INFO: Model: App\Models\Lead
Relation: product
Num-Called: 3
Call-Stack:
#18 \app\Http\Controllers\Admin\LeadController.php:95
#19 \vendor\yajra\laravel-datatables-oracle\src\Utilities\Helper.php:65
#20 \vendor\yajra\laravel-datatables-oracle\src\Processors\DataProcessor.php:137
#21 \vendor\yajra\laravel-datatables-oracle\src\Processors\DataProcessor.php:106
#22 \vendor\yajra\laravel-datatables-oracle\src\DataTableAbstract.php:807
#23 \vendor\yajra\laravel-datatables-oracle\src\QueryDataTable.php:102
#24 \app\Http\Controllers\Admin\LeadController.php:100
#25 \vendor\laravel\framework\src\Illuminate\Routing\Controller.php:54
#26 \vendor\laravel\framework\src\Illuminate\Routing\ControllerDispatcher.php:45
#27 \vendor\laravel\framework\src\Illuminate\Routing\Route.php:262
#28 \vendor\laravel\framework\src\Illuminate\Routing\Route.php:205
#29 \vendor\laravel\framework\src\Illuminate\Routing\Router.php:695
#30 \vendor\laravel\framework\src\Illuminate\Pipeline\Pipeline.php:128
#31 \app\Http\Middleware\IsAdmin.php:20
#32 \vendor\laravel\framework\src\Illuminate\Pipeline\Pipeline.php:167
#33 \vendor\laravel\framework\src\Illuminate\Routing\Middleware\SubstituteBindings.php:50
#34 \vendor\laravel\framework\src\Illuminate\Pipeline\Pipeline.php:167
#35 \vendor\laravel\framework\src\Illuminate\Foundation\Http\Middleware\VerifyCsrfToken.php:78
#36 \vendor\laravel\framework\src\Illuminate\Pipeline\Pipeline.php:167
#37 \vendor\laravel\framework\src\Illuminate\Session\Middleware\AuthenticateSession.php:58
#38 \vendor\laravel\framework\src\Illuminate\Pipeline\Pipeline.php:167
#39 \vendor\laravel\framework\src\Illuminate\View\Middleware\ShareErrorsFromSession.php:49
#40 \vendor\laravel\framework\src\Illuminate\Pipeline\Pipeline.php:167
#41 \vendor\laravel\framework\src\Illuminate\Session\Middleware\StartSession.php:121
#42 \vendor\laravel\framework\src\Illuminate\Session\Middleware\StartSession.php:64
#43 \vendor\laravel\framework\src\Illuminate\Pipeline\Pipeline.php:167
#44 \vendor\laravel\framework\src\Illuminate\Cookie\Middleware\AddQueuedCookiesToResponse.php:37
#45 \vendor\laravel\framework\src\Illuminate\Pipeline\Pipeline.php:167
#46 \vendor\laravel\framework\src\Illuminate\Cookie\Middleware\EncryptCookies.php:67
#47 \vendor\laravel\framework\src\Illuminate\Pipeline\Pipeline.php:167
#48 \vendor\laravel\framework\src\Illuminate\Pipeline\Pipeline.php:103
#49 \vendor\laravel\framework\src\Illuminate\Routing\Router.php:697
  
[2021-11-29 17:23:45] local.INFO: Detected N+1 Query  
[2021-11-29 17:23:45] local.INFO: Model: App\Models\Lead
Relation: product
Num-Called: 3
Call-Stack:
#18 \app\Http\Controllers\Admin\LeadController.php:95
#19 \vendor\yajra\laravel-datatables-oracle\src\Utilities\Helper.php:65
#20 \vendor\yajra\laravel-datatables-oracle\src\Processors\DataProcessor.php:137
#21 \vendor\yajra\laravel-datatables-oracle\src\Processors\DataProcessor.php:106
#22 \vendor\yajra\laravel-datatables-oracle\src\DataTableAbstract.php:807
#23 \vendor\yajra\laravel-datatables-oracle\src\QueryDataTable.php:102
#24 \app\Http\Controllers\Admin\LeadController.php:100
#25 \vendor\laravel\framework\src\Illuminate\Routing\Controller.php:54
#26 \vendor\laravel\framework\src\Illuminate\Routing\ControllerDispatcher.php:45
#27 \vendor\laravel\framework\src\Illuminate\Routing\Route.php:262
#28 \vendor\laravel\framework\src\Illuminate\Routing\Route.php:205
#29 \vendor\laravel\framework\src\Illuminate\Routing\Router.php:695
#30 \vendor\laravel\framework\src\Illuminate\Pipeline\Pipeline.php:128
#31 \app\Http\Middleware\IsAdmin.php:20
#32 \vendor\laravel\framework\src\Illuminate\Pipeline\Pipeline.php:167
#33 \vendor\laravel\framework\src\Illuminate\Routing\Middleware\SubstituteBindings.php:50
#34 \vendor\laravel\framework\src\Illuminate\Pipeline\Pipeline.php:167
#35 \vendor\laravel\framework\src\Illuminate\Foundation\Http\Middleware\VerifyCsrfToken.php:78
#36 \vendor\laravel\framework\src\Illuminate\Pipeline\Pipeline.php:167
#37 \vendor\laravel\framework\src\Illuminate\Session\Middleware\AuthenticateSession.php:58
#38 \vendor\laravel\framework\src\Illuminate\Pipeline\Pipeline.php:167
#39 \vendor\laravel\framework\src\Illuminate\View\Middleware\ShareErrorsFromSession.php:49
#40 \vendor\laravel\framework\src\Illuminate\Pipeline\Pipeline.php:167
#41 \vendor\laravel\framework\src\Illuminate\Session\Middleware\StartSession.php:121
#42 \vendor\laravel\framework\src\Illuminate\Session\Middleware\StartSession.php:64
#43 \vendor\laravel\framework\src\Illuminate\Pipeline\Pipeline.php:167
#44 \vendor\laravel\framework\src\Illuminate\Cookie\Middleware\AddQueuedCookiesToResponse.php:37
#45 \vendor\laravel\framework\src\Illuminate\Pipeline\Pipeline.php:167
#46 \vendor\laravel\framework\src\Illuminate\Cookie\Middleware\EncryptCookies.php:67
#47 \vendor\laravel\framework\src\Illuminate\Pipeline\Pipeline.php:167
#48 \vendor\laravel\framework\src\Illuminate\Pipeline\Pipeline.php:103
#49 \vendor\laravel\framework\src\Illuminate\Routing\Router.php:697
  
[2021-11-29 17:25:52] local.INFO: Detected N+1 Query  
[2021-11-29 17:25:52] local.INFO: Model: App\Models\Lead
Relation: product
Num-Called: 3
Call-Stack:
#18 \app\Http\Controllers\Admin\LeadController.php:95
#19 \vendor\yajra\laravel-datatables-oracle\src\Utilities\Helper.php:65
#20 \vendor\yajra\laravel-datatables-oracle\src\Processors\DataProcessor.php:137
#21 \vendor\yajra\laravel-datatables-oracle\src\Processors\DataProcessor.php:106
#22 \vendor\yajra\laravel-datatables-oracle\src\DataTableAbstract.php:807
#23 \vendor\yajra\laravel-datatables-oracle\src\QueryDataTable.php:102
#24 \app\Http\Controllers\Admin\LeadController.php:100
#25 \vendor\laravel\framework\src\Illuminate\Routing\Controller.php:54
#26 \vendor\laravel\framework\src\Illuminate\Routing\ControllerDispatcher.php:45
#27 \vendor\laravel\framework\src\Illuminate\Routing\Route.php:262
#28 \vendor\laravel\framework\src\Illuminate\Routing\Route.php:205
#29 \vendor\laravel\framework\src\Illuminate\Routing\Router.php:695
#30 \vendor\laravel\framework\src\Illuminate\Pipeline\Pipeline.php:128
#31 \app\Http\Middleware\IsAdmin.php:20
#32 \vendor\laravel\framework\src\Illuminate\Pipeline\Pipeline.php:167
#33 \vendor\laravel\framework\src\Illuminate\Routing\Middleware\SubstituteBindings.php:50
#34 \vendor\laravel\framework\src\Illuminate\Pipeline\Pipeline.php:167
#35 \vendor\laravel\framework\src\Illuminate\Foundation\Http\Middleware\VerifyCsrfToken.php:78
#36 \vendor\laravel\framework\src\Illuminate\Pipeline\Pipeline.php:167
#37 \vendor\laravel\framework\src\Illuminate\Session\Middleware\AuthenticateSession.php:58
#38 \vendor\laravel\framework\src\Illuminate\Pipeline\Pipeline.php:167
#39 \vendor\laravel\framework\src\Illuminate\View\Middleware\ShareErrorsFromSession.php:49
#40 \vendor\laravel\framework\src\Illuminate\Pipeline\Pipeline.php:167
#41 \vendor\laravel\framework\src\Illuminate\Session\Middleware\StartSession.php:121
#42 \vendor\laravel\framework\src\Illuminate\Session\Middleware\StartSession.php:64
#43 \vendor\laravel\framework\src\Illuminate\Pipeline\Pipeline.php:167
#44 \vendor\laravel\framework\src\Illuminate\Cookie\Middleware\AddQueuedCookiesToResponse.php:37
#45 \vendor\laravel\framework\src\Illuminate\Pipeline\Pipeline.php:167
#46 \vendor\laravel\framework\src\Illuminate\Cookie\Middleware\EncryptCookies.php:67
#47 \vendor\laravel\framework\src\Illuminate\Pipeline\Pipeline.php:167
#48 \vendor\laravel\framework\src\Illuminate\Pipeline\Pipeline.php:103
#49 \vendor\laravel\framework\src\Illuminate\Routing\Router.php:697
  
[2021-11-29 17:52:53] local.INFO: Detected N+1 Query  
[2021-11-29 17:52:53] local.INFO: Model: App\Models\Lead
Relation: product
Num-Called: 2
Call-Stack:
#18 \app\Http\Controllers\Admin\LeadController.php:96
#19 \vendor\yajra\laravel-datatables-oracle\src\Utilities\Helper.php:65
#20 \vendor\yajra\laravel-datatables-oracle\src\Processors\DataProcessor.php:137
#21 \vendor\yajra\laravel-datatables-oracle\src\Processors\DataProcessor.php:106
#22 \vendor\yajra\laravel-datatables-oracle\src\DataTableAbstract.php:807
#23 \vendor\yajra\laravel-datatables-oracle\src\QueryDataTable.php:102
#24 \app\Http\Controllers\Admin\LeadController.php:108
#25 \vendor\laravel\framework\src\Illuminate\Routing\Controller.php:54
#26 \vendor\laravel\framework\src\Illuminate\Routing\ControllerDispatcher.php:45
#27 \vendor\laravel\framework\src\Illuminate\Routing\Route.php:262
#28 \vendor\laravel\framework\src\Illuminate\Routing\Route.php:205
#29 \vendor\laravel\framework\src\Illuminate\Routing\Router.php:695
#30 \vendor\laravel\framework\src\Illuminate\Pipeline\Pipeline.php:128
#31 \app\Http\Middleware\IsAdmin.php:20
#32 \vendor\laravel\framework\src\Illuminate\Pipeline\Pipeline.php:167
#33 \vendor\laravel\framework\src\Illuminate\Routing\Middleware\SubstituteBindings.php:50
#34 \vendor\laravel\framework\src\Illuminate\Pipeline\Pipeline.php:167
#35 \vendor\laravel\framework\src\Illuminate\Foundation\Http\Middleware\VerifyCsrfToken.php:78
#36 \vendor\laravel\framework\src\Illuminate\Pipeline\Pipeline.php:167
#37 \vendor\laravel\framework\src\Illuminate\Session\Middleware\AuthenticateSession.php:58
#38 \vendor\laravel\framework\src\Illuminate\Pipeline\Pipeline.php:167
#39 \vendor\laravel\framework\src\Illuminate\View\Middleware\ShareErrorsFromSession.php:49
#40 \vendor\laravel\framework\src\Illuminate\Pipeline\Pipeline.php:167
#41 \vendor\laravel\framework\src\Illuminate\Session\Middleware\StartSession.php:121
#42 \vendor\laravel\framework\src\Illuminate\Session\Middleware\StartSession.php:64
#43 \vendor\laravel\framework\src\Illuminate\Pipeline\Pipeline.php:167
#44 \vendor\laravel\framework\src\Illuminate\Cookie\Middleware\AddQueuedCookiesToResponse.php:37
#45 \vendor\laravel\framework\src\Illuminate\Pipeline\Pipeline.php:167
#46 \vendor\laravel\framework\src\Illuminate\Cookie\Middleware\EncryptCookies.php:67
#47 \vendor\laravel\framework\src\Illuminate\Pipeline\Pipeline.php:167
#48 \vendor\laravel\framework\src\Illuminate\Pipeline\Pipeline.php:103
#49 \vendor\laravel\framework\src\Illuminate\Routing\Router.php:697
  
[2021-11-29 17:53:10] local.INFO: Detected N+1 Query  
[2021-11-29 17:53:10] local.INFO: Model: App\Models\Lead
Relation: product
Num-Called: 2
Call-Stack:
#18 \app\Http\Controllers\Admin\LeadController.php:96
#19 \vendor\yajra\laravel-datatables-oracle\src\Utilities\Helper.php:65
#20 \vendor\yajra\laravel-datatables-oracle\src\Processors\DataProcessor.php:137
#21 \vendor\yajra\laravel-datatables-oracle\src\Processors\DataProcessor.php:106
#22 \vendor\yajra\laravel-datatables-oracle\src\DataTableAbstract.php:807
#23 \vendor\yajra\laravel-datatables-oracle\src\QueryDataTable.php:102
#24 \app\Http\Controllers\Admin\LeadController.php:108
#25 \vendor\laravel\framework\src\Illuminate\Routing\Controller.php:54
#26 \vendor\laravel\framework\src\Illuminate\Routing\ControllerDispatcher.php:45
#27 \vendor\laravel\framework\src\Illuminate\Routing\Route.php:262
#28 \vendor\laravel\framework\src\Illuminate\Routing\Route.php:205
#29 \vendor\laravel\framework\src\Illuminate\Routing\Router.php:695
#30 \vendor\laravel\framework\src\Illuminate\Pipeline\Pipeline.php:128
#31 \app\Http\Middleware\IsAdmin.php:20
#32 \vendor\laravel\framework\src\Illuminate\Pipeline\Pipeline.php:167
#33 \vendor\laravel\framework\src\Illuminate\Routing\Middleware\SubstituteBindings.php:50
#34 \vendor\laravel\framework\src\Illuminate\Pipeline\Pipeline.php:167
#35 \vendor\laravel\framework\src\Illuminate\Foundation\Http\Middleware\VerifyCsrfToken.php:78
#36 \vendor\laravel\framework\src\Illuminate\Pipeline\Pipeline.php:167
#37 \vendor\laravel\framework\src\Illuminate\Session\Middleware\AuthenticateSession.php:58
#38 \vendor\laravel\framework\src\Illuminate\Pipeline\Pipeline.php:167
#39 \vendor\laravel\framework\src\Illuminate\View\Middleware\ShareErrorsFromSession.php:49
#40 \vendor\laravel\framework\src\Illuminate\Pipeline\Pipeline.php:167
#41 \vendor\laravel\framework\src\Illuminate\Session\Middleware\StartSession.php:121
#42 \vendor\laravel\framework\src\Illuminate\Session\Middleware\StartSession.php:64
#43 \vendor\laravel\framework\src\Illuminate\Pipeline\Pipeline.php:167
#44 \vendor\laravel\framework\src\Illuminate\Cookie\Middleware\AddQueuedCookiesToResponse.php:37
#45 \vendor\laravel\framework\src\Illuminate\Pipeline\Pipeline.php:167
#46 \vendor\laravel\framework\src\Illuminate\Cookie\Middleware\EncryptCookies.php:67
#47 \vendor\laravel\framework\src\Illuminate\Pipeline\Pipeline.php:167
#48 \vendor\laravel\framework\src\Illuminate\Pipeline\Pipeline.php:103
#49 \vendor\laravel\framework\src\Illuminate\Routing\Router.php:697
  
[2021-11-29 17:53:16] local.INFO: Detected N+1 Query  
[2021-11-29 17:53:16] local.INFO: Model: App\Models\Lead
Relation: product
Num-Called: 2
Call-Stack:
#18 \app\Http\Controllers\Admin\LeadController.php:96
#19 \vendor\yajra\laravel-datatables-oracle\src\Utilities\Helper.php:65
#20 \vendor\yajra\laravel-datatables-oracle\src\Processors\DataProcessor.php:137
#21 \vendor\yajra\laravel-datatables-oracle\src\Processors\DataProcessor.php:106
#22 \vendor\yajra\laravel-datatables-oracle\src\DataTableAbstract.php:807
#23 \vendor\yajra\laravel-datatables-oracle\src\QueryDataTable.php:102
#24 \app\Http\Controllers\Admin\LeadController.php:108
#25 \vendor\laravel\framework\src\Illuminate\Routing\Controller.php:54
#26 \vendor\laravel\framework\src\Illuminate\Routing\ControllerDispatcher.php:45
#27 \vendor\laravel\framework\src\Illuminate\Routing\Route.php:262
#28 \vendor\laravel\framework\src\Illuminate\Routing\Route.php:205
#29 \vendor\laravel\framework\src\Illuminate\Routing\Router.php:695
#30 \vendor\laravel\framework\src\Illuminate\Pipeline\Pipeline.php:128
#31 \app\Http\Middleware\IsAdmin.php:20
#32 \vendor\laravel\framework\src\Illuminate\Pipeline\Pipeline.php:167
#33 \vendor\laravel\framework\src\Illuminate\Routing\Middleware\SubstituteBindings.php:50
#34 \vendor\laravel\framework\src\Illuminate\Pipeline\Pipeline.php:167
#35 \vendor\laravel\framework\src\Illuminate\Foundation\Http\Middleware\VerifyCsrfToken.php:78
#36 \vendor\laravel\framework\src\Illuminate\Pipeline\Pipeline.php:167
#37 \vendor\laravel\framework\src\Illuminate\Session\Middleware\AuthenticateSession.php:58
#38 \vendor\laravel\framework\src\Illuminate\Pipeline\Pipeline.php:167
#39 \vendor\laravel\framework\src\Illuminate\View\Middleware\ShareErrorsFromSession.php:49
#40 \vendor\laravel\framework\src\Illuminate\Pipeline\Pipeline.php:167
#41 \vendor\laravel\framework\src\Illuminate\Session\Middleware\StartSession.php:121
#42 \vendor\laravel\framework\src\Illuminate\Session\Middleware\StartSession.php:64
#43 \vendor\laravel\framework\src\Illuminate\Pipeline\Pipeline.php:167
#44 \vendor\laravel\framework\src\Illuminate\Cookie\Middleware\AddQueuedCookiesToResponse.php:37
#45 \vendor\laravel\framework\src\Illuminate\Pipeline\Pipeline.php:167
#46 \vendor\laravel\framework\src\Illuminate\Cookie\Middleware\EncryptCookies.php:67
#47 \vendor\laravel\framework\src\Illuminate\Pipeline\Pipeline.php:167
#48 \vendor\laravel\framework\src\Illuminate\Pipeline\Pipeline.php:103
#49 \vendor\laravel\framework\src\Illuminate\Routing\Router.php:697
  
